This is pdfTeX, Version 3.141592653-2.6-1.40.29 (TeX Live 2026) (preloaded format=pdflatex 2026.4.10)  12 APR 2026 17:46
entering extended mode
 restricted \write18 enabled.
 %&-line parsing enabled.
**main.tex
(./main.tex
LaTeX2e <2025-11-01>
L3 programming layer <2026-01-19>
(/usr/local/texlive/2026/texmf-dist/tex/latex/base/report.cls
Document Class: report 2025/01/22 v1.4n Standard LaTeX document class
(/usr/local/texlive/2026/texmf-dist/tex/latex/base/size12.clo
File: size12.clo 2025/01/22 v1.4n Standard LaTeX file (size option)
)
\c@part=\count275
\c@chapter=\count276
\c@section=\count277
\c@subsection=\count278
\c@subsubsection=\count279
\c@paragraph=\count280
\c@subparagraph=\count281
\c@figure=\count282
\c@table=\count283
\abovecaptionskip=\skip49
\belowcaptionskip=\skip50
\bibindent=\dimen148
)
(/usr/local/texlive/2026/texmf-dist/tex/latex/base/fontenc.sty
Package: fontenc 2025/07/18 v2.1d Standard LaTeX package
)
(/usr/local/texlive/2026/texmf-dist/tex/latex/base/inputenc.sty
Package: inputenc 2024/02/08 v1.3d Input encoding file
\inpenc@prehook=\toks17
\inpenc@posthook=\toks18
)
(/usr/local/texlive/2026/texmf-dist/tex/latex/lm/lmodern.sty
Package: lmodern 2015/05/01 v1.6.1 Latin Modern Fonts
LaTeX Font Info:    Overwriting symbol font `operators' in version `normal'
(Font)                  OT1/cmr/m/n --> OT1/lmr/m/n on input line 22.
LaTeX Font Info:    Overwriting symbol font `letters' in version `normal'
(Font)                  OML/cmm/m/it --> OML/lmm/m/it on input line 23.
LaTeX Font Info:    Overwriting symbol font `symbols' in version `normal'
(Font)                  OMS/cmsy/m/n --> OMS/lmsy/m/n on input line 24.
LaTeX Font Info:    Overwriting symbol font `largesymbols' in version `normal'
(Font)                  OMX/cmex/m/n --> OMX/lmex/m/n on input line 25.
LaTeX Font Info:    Overwriting symbol font `operators' in version `bold'
(Font)                  OT1/cmr/bx/n --> OT1/lmr/bx/n on input line 26.
LaTeX Font Info:    Overwriting symbol font `letters' in version `bold'
(Font)                  OML/cmm/b/it --> OML/lmm/b/it on input line 27.
LaTeX Font Info:    Overwriting symbol font `symbols' in version `bold'
(Font)                  OMS/cmsy/b/n --> OMS/lmsy/b/n on input line 28.
LaTeX Font Info:    Overwriting symbol font `largesymbols' in version `bold'
(Font)                  OMX/cmex/m/n --> OMX/lmex/m/n on input line 29.
LaTeX Font Info:    Overwriting math alphabet `\mathbf' in version `normal'
(Font)                  OT1/cmr/bx/n --> OT1/lmr/bx/n on input line 31.
LaTeX Font Info:    Overwriting math alphabet `\mathsf' in version `normal'
(Font)                  OT1/cmss/m/n --> OT1/lmss/m/n on input line 32.
LaTeX Font Info:    Overwriting math alphabet `\mathit' in version `normal'
(Font)                  OT1/cmr/m/it --> OT1/lmr/m/it on input line 33.
LaTeX Font Info:    Overwriting math alphabet `\mathtt' in version `normal'
(Font)                  OT1/cmtt/m/n --> OT1/lmtt/m/n on input line 34.
LaTeX Font Info:    Overwriting math alphabet `\mathbf' in version `bold'
(Font)                  OT1/cmr/bx/n --> OT1/lmr/bx/n on input line 35.
LaTeX Font Info:    Overwriting math alphabet `\mathsf' in version `bold'
(Font)                  OT1/cmss/bx/n --> OT1/lmss/bx/n on input line 36.
LaTeX Font Info:    Overwriting math alphabet `\mathit' in version `bold'
(Font)                  OT1/cmr/bx/it --> OT1/lmr/bx/it on input line 37.
LaTeX Font Info:    Overwriting math alphabet `\mathtt' in version `bold'
(Font)                  OT1/cmtt/m/n --> OT1/lmtt/m/n on input line 38.
)
(/usr/local/texlive/2026/texmf-dist/tex/latex/geometry/geometry.sty
Package: geometry 2026/03/07 v6.0 Page Geometry

(/usr/local/texlive/2026/texmf-dist/tex/latex/graphics/keyval.sty
Package: keyval 2022/05/29 v1.15 key=value parser (DPC)
\KV@toks@=\toks19
)
(/usr/local/texlive/2026/texmf-dist/tex/generic/iftex/ifvtex.sty
Package: ifvtex 2019/10/25 v1.7 ifvtex legacy package. Use iftex instead.

(/usr/local/texlive/2026/texmf-dist/tex/generic/iftex/iftex.sty
Package: iftex 2024/12/12 v1.0g TeX engine tests
))
\Gm@cnth=\count284
\Gm@cntv=\count285
\c@Gm@tempcnt=\count286
\Gm@bindingoffset=\dimen149
\Gm@wd@mp=\dimen150
\Gm@odd@mp=\dimen151
\Gm@even@mp=\dimen152
\Gm@layoutwidth=\dimen153
\Gm@layoutheight=\dimen154
\Gm@layouthoffset=\dimen155
\Gm@layoutvoffset=\dimen156
\Gm@dimlist=\toks20
)
(/usr/local/texlive/2026/texmf-dist/tex/latex/fancyhdr/fancyhdr.sty
Package: fancyhdr 2025/02/07 v5.2 Extensive control of page headers and footers

\f@nch@headwidth=\skip51
\f@nch@offset@elh=\skip52
\f@nch@offset@erh=\skip53
\f@nch@offset@olh=\skip54
\f@nch@offset@orh=\skip55
\f@nch@offset@elf=\skip56
\f@nch@offset@erf=\skip57
\f@nch@offset@olf=\skip58
\f@nch@offset@orf=\skip59
\f@nch@height=\skip60
\f@nch@footalignment=\skip61
\f@nch@widthL=\skip62
\f@nch@widthC=\skip63
\f@nch@widthR=\skip64
\@temptokenb=\toks21
)
(/usr/local/texlive/2026/texmf-dist/tex/latex/graphics/graphicx.sty
Package: graphicx 2024/12/31 v1.2e Enhanced LaTeX Graphics (DPC,SPQR)

(/usr/local/texlive/2026/texmf-dist/tex/latex/graphics/graphics.sty
Package: graphics 2024/08/06 v1.4g Standard LaTeX Graphics (DPC,SPQR)

(/usr/local/texlive/2026/texmf-dist/tex/latex/graphics/trig.sty
Package: trig 2023/12/02 v1.11 sin cos tan (DPC)
)
(/usr/local/texlive/2026/texmf-dist/tex/latex/graphics-cfg/graphics.cfg
File: graphics.cfg 2016/06/04 v1.11 sample graphics configuration
)
Package graphics Info: Driver file: pdftex.def on input line 106.

(/usr/local/texlive/2026/texmf-dist/tex/latex/graphics-def/pdftex.def
File: pdftex.def 2025/09/29 v1.2d Graphics/color driver for pdftex
))
\Gin@req@height=\dimen157
\Gin@req@width=\dimen158
)
(/usr/local/texlive/2026/texmf-dist/tex/latex/float/float.sty
Package: float 2001/11/08 v1.3d Float enhancements (AL)
\c@float@type=\count287
\float@exts=\toks22
\float@box=\box53
\@float@everytoks=\toks23
\@floatcapt=\box54
)
(/usr/local/texlive/2026/texmf-dist/tex/latex/caption/caption.sty
Package: caption 2023/08/05 v3.6o Customizing captions (AR)

(/usr/local/texlive/2026/texmf-dist/tex/latex/caption/caption3.sty
Package: caption3 2023/07/31 v2.4d caption3 kernel (AR)
\caption@tempdima=\dimen159
\captionmargin=\dimen160
\caption@leftmargin=\dimen161
\caption@rightmargin=\dimen162
\caption@width=\dimen163
\caption@indent=\dimen164
\caption@parindent=\dimen165
\caption@hangindent=\dimen166
Package caption Info: Standard document class detected.
)
\c@caption@flags=\count288
\c@continuedfloat=\count289
Package caption Info: float package is loaded.
)
(/usr/local/texlive/2026/texmf-dist/tex/latex/caption/subcaption.sty
Package: subcaption 2023/07/28 v1.6b Sub-captions (AR)
Package caption Info: New subtype `subfigure' on input line 238.
\c@subfigure=\count290
Package caption Info: New subtype `subtable' on input line 238.
\c@subtable=\count291
)
(/usr/local/texlive/2026/texmf-dist/tex/latex/microtype/microtype.sty
Package: microtype 2026/03/01 v3.2d Micro-typographical refinements (RS)

(/usr/local/texlive/2026/texmf-dist/tex/latex/etoolbox/etoolbox.sty
Package: etoolbox 2025/10/02 v2.5m e-TeX tools for LaTeX (JAW)
\etb@tempcnta=\count292
)
\MT@toks=\toks24
\MT@tempbox=\box55
\MT@count=\count293
LaTeX Info: Redefining \noprotrusionifhmode on input line 1084.
LaTeX Info: Redefining \leftprotrusion on input line 1085.
\MT@prot@toks=\toks25
LaTeX Info: Redefining \rightprotrusion on input line 1104.
LaTeX Info: Redefining \textls on input line 1449.
\MT@outer@kern=\dimen167
LaTeX Info: Redefining \microtypecontext on input line 2053.
LaTeX Info: Redefining \textmicrotypecontext on input line 2070.
\MT@listname@count=\count294

(/usr/local/texlive/2026/texmf-dist/tex/latex/microtype/microtype-pdftex.def
File: microtype-pdftex.def 2026/03/01 v3.2d Definitions specific to pdftex (RS)

LaTeX Info: Redefining \lsstyle on input line 944.
LaTeX Info: Redefining \lslig on input line 944.
\MT@outer@space=\skip65
)
Package microtype Info: Loading configuration file microtype.cfg.

(/usr/local/texlive/2026/texmf-dist/tex/latex/microtype/microtype.cfg
File: microtype.cfg 2026/03/01 v3.2d microtype main configuration file (RS)
)
LaTeX Info: Redefining \microtypesetup on input line 3065.
)
(/usr/local/texlive/2026/texmf-dist/tex/latex/parskip/parskip.sty
Package: parskip 2021-03-14 v2.0h non-zero parskip adjustments

(/usr/local/texlive/2026/texmf-dist/tex/latex/kvoptions/kvoptions.sty
Package: kvoptions 2022-06-15 v3.15 Key value format for package options (HO)

(/usr/local/texlive/2026/texmf-dist/tex/generic/ltxcmds/ltxcmds.sty
Package: ltxcmds 2023-12-04 v1.26 LaTeX kernel commands for general use (HO)
)
(/usr/local/texlive/2026/texmf-dist/tex/latex/kvsetkeys/kvsetkeys.sty
Package: kvsetkeys 2022-10-05 v1.19 Key value parser (HO)
)))
(/usr/local/texlive/2026/texmf-dist/tex/latex/url/url.sty
\Urlmuskip=\muskip17
Package: url 2013/09/16  ver 3.4  Verb mode for urls, etc.
)
(/usr/local/texlive/2026/texmf-dist/tex/latex/booktabs/booktabs.sty
Package: booktabs 2020/01/12 v1.61803398 Publication quality tables
\heavyrulewidth=\dimen168
\lightrulewidth=\dimen169
\cmidrulewidth=\dimen170
\belowrulesep=\dimen171
\belowbottomsep=\dimen172
\aboverulesep=\dimen173
\abovetopsep=\dimen174
\cmidrulesep=\dimen175
\cmidrulekern=\dimen176
\defaultaddspace=\dimen177
\@cmidla=\count295
\@cmidlb=\count296
\@aboverulesep=\dimen178
\@belowrulesep=\dimen179
\@thisruleclass=\count297
\@lastruleclass=\count298
\@thisrulewidth=\dimen180
)
(/usr/local/texlive/2026/texmf-dist/tex/latex/tools/tabularx.sty
Package: tabularx 2023/12/11 v2.12a `tabularx' package (DPC)

(/usr/local/texlive/2026/texmf-dist/tex/latex/tools/array.sty
Package: array 2025/09/25 v2.6n Tabular extension package (FMi)
\col@sep=\dimen181
\ar@mcellbox=\box56
\extrarowheight=\dimen182
\NC@list=\toks26
\extratabsurround=\skip66
\backup@length=\skip67
\ar@cellbox=\box57
)
\TX@col@width=\dimen183
\TX@old@table=\dimen184
\TX@old@col=\dimen185
\TX@target=\dimen186
\TX@delta=\dimen187
\TX@cols=\count299
\TX@ftn=\toks27
)
(/usr/local/texlive/2026/texmf-dist/tex/latex/tools/longtable.sty
Package: longtable 2025-10-13 v4.24 Multi-page Table package (DPC)
\LTleft=\skip68
\LTright=\skip69
\LTpre=\skip70
\LTpost=\skip71
\LTchunksize=\count300
\LTcapwidth=\dimen188
\LT@head=\box58
\LT@firsthead=\box59
\LT@foot=\box60
\LT@lastfoot=\box61
\LT@gbox=\box62
\LT@cols=\count301
\LT@rows=\count302
\c@LT@tables=\count303
\c@LT@chunks=\count304
\LT@p@ftn=\toks28
)
(/usr/local/texlive/2026/texmf-dist/tex/latex/xcolor/xcolor.sty
Package: xcolor 2024/09/29 v3.02 LaTeX color extensions (UK)

(/usr/local/texlive/2026/texmf-dist/tex/latex/graphics-cfg/color.cfg
File: color.cfg 2016/01/02 v1.6 sample color configuration
)
Package xcolor Info: Driver file: pdftex.def on input line 274.

(/usr/local/texlive/2026/texmf-dist/tex/latex/graphics/mathcolor.ltx)
Package xcolor Info: Model `cmy' substituted by `cmy0' on input line 1349.
Package xcolor Info: Model `hsb' substituted by `rgb' on input line 1353.
Package xcolor Info: Model `RGB' extended on input line 1365.
Package xcolor Info: Model `HTML' substituted by `rgb' on input line 1367.
Package xcolor Info: Model `Hsb' substituted by `hsb' on input line 1368.
Package xcolor Info: Model `tHsb' substituted by `hsb' on input line 1369.
Package xcolor Info: Model `HSB' substituted by `hsb' on input line 1370.
Package xcolor Info: Model `Gray' substituted by `gray' on input line 1371.
Package xcolor Info: Model `wave' substituted by `hsb' on input line 1372.
)
\hlbox=\box63

(/usr/local/texlive/2026/texmf-dist/tex/latex/enumitem/enumitem.sty
Package: enumitem 2025/02/06 v3.11 Customized lists
\labelindent=\skip72
\enit@outerparindent=\dimen189
\enit@toks=\toks29
\enit@inbox=\box64
\enit@count@id=\count305
\enitdp@description=\count306
)
(/usr/local/texlive/2026/texmf-dist/tex/latex/hyperref/hyperref.sty
Package: hyperref 2026-01-29 v7.01p Hypertext links for LaTeX

(/usr/local/texlive/2026/texmf-dist/tex/generic/kvdefinekeys/kvdefinekeys.sty
Package: kvdefinekeys 2019-12-19 v1.6 Define keys (HO)
)
(/usr/local/texlive/2026/texmf-dist/tex/generic/pdfescape/pdfescape.sty
Package: pdfescape 2019/12/09 v1.15 Implements pdfTeX's escape features (HO)

(/usr/local/texlive/2026/texmf-dist/tex/generic/pdftexcmds/pdftexcmds.sty
Package: pdftexcmds 2020-06-27 v0.33 Utility functions of pdfTeX for LuaTeX (HO
)

(/usr/local/texlive/2026/texmf-dist/tex/generic/infwarerr/infwarerr.sty
Package: infwarerr 2019/12/03 v1.5 Providing info/warning/error messages (HO)
)
Package pdftexcmds Info: \pdf@primitive is available.
Package pdftexcmds Info: \pdf@ifprimitive is available.
Package pdftexcmds Info: \pdfdraftmode found.
))
(/usr/local/texlive/2026/texmf-dist/tex/latex/hycolor/hycolor.sty
Package: hycolor 2020-01-27 v1.10 Color options for hyperref/bookmark (HO)
)
(/usr/local/texlive/2026/texmf-dist/tex/latex/hyperref/nameref.sty
Package: nameref 2026-01-29 v2.58 Cross-referencing by name of section

(/usr/local/texlive/2026/texmf-dist/tex/latex/refcount/refcount.sty
Package: refcount 2019/12/15 v3.6 Data extraction from label references (HO)
)
(/usr/local/texlive/2026/texmf-dist/tex/generic/gettitlestring/gettitlestring.s
ty
Package: gettitlestring 2019/12/15 v1.6 Cleanup title references (HO)
)
\c@section@level=\count307
) (/usr/local/texlive/2026/texmf-dist/tex/generic/stringenc/stringenc.sty
Package: stringenc 2019/11/29 v1.12 Convert strings between diff. encodings (HO
)
)
\@linkdim=\dimen190
\Hy@linkcounter=\count308
\Hy@pagecounter=\count309

(/usr/local/texlive/2026/texmf-dist/tex/latex/hyperref/pd1enc.def
File: pd1enc.def 2026-01-29 v7.01p Hyperref: PDFDocEncoding definition (HO)
Now handling font encoding PD1 ...
... no UTF-8 mapping file for font encoding PD1
)
(/usr/local/texlive/2026/texmf-dist/tex/generic/intcalc/intcalc.sty
Package: intcalc 2019/12/15 v1.3 Expandable calculations with integers (HO)
)
\Hy@SavedSpaceFactor=\count310

(/usr/local/texlive/2026/texmf-dist/tex/latex/hyperref/puenc.def
File: puenc.def 2026-01-29 v7.01p Hyperref: PDF Unicode definition (HO)
Now handling font encoding PU ...
... no UTF-8 mapping file for font encoding PU
)
Package hyperref Info: Option `colorlinks' set `true' on input line 4072.
Package hyperref Info: Option `bookmarks' set `true' on input line 4072.
Package hyperref Info: Hyper figures OFF on input line 4201.
Package hyperref Info: Link nesting OFF on input line 4206.
Package hyperref Info: Hyper index ON on input line 4209.
Package hyperref Info: Plain pages OFF on input line 4216.
Package hyperref Info: Backreferencing OFF on input line 4221.
Package hyperref Info: Implicit mode ON; LaTeX internals redefined.
Package hyperref Info: Bookmarks ON on input line 4468.
\c@Hy@tempcnt=\count311
LaTeX Info: Redefining \url on input line 4807.
\XeTeXLinkMargin=\dimen191

(/usr/local/texlive/2026/texmf-dist/tex/generic/bitset/bitset.sty
Package: bitset 2019/12/09 v1.3 Handle bit-vector datatype (HO)

(/usr/local/texlive/2026/texmf-dist/tex/generic/bigintcalc/bigintcalc.sty
Package: bigintcalc 2019/12/15 v1.5 Expandable calculations on big integers (HO
)
))
\Fld@menulength=\count312
\Field@Width=\dimen192
\Fld@charsize=\dimen193
Package hyperref Info: Hyper figures OFF on input line 6084.
Package hyperref Info: Link nesting OFF on input line 6089.
Package hyperref Info: Hyper index ON on input line 6092.
Package hyperref Info: backreferencing OFF on input line 6099.
Package hyperref Info: Link coloring ON on input line 6102.
Package hyperref Info: Link coloring with OCG OFF on input line 6109.
Package hyperref Info: PDF/A mode OFF on input line 6114.
\Hy@abspage=\count313
\c@Item=\count314
\c@Hfootnote=\count315
)
Package hyperref Info: Driver (autodetected): hpdftex.

(/usr/local/texlive/2026/texmf-dist/tex/latex/hyperref/hpdftex.def
File: hpdftex.def 2026-01-29 v7.01p Hyperref driver for pdfTeX
\Fld@listcount=\count316
\c@bookmark@seq@number=\count317

(/usr/local/texlive/2026/texmf-dist/tex/latex/rerunfilecheck/rerunfilecheck.sty
Package: rerunfilecheck 2025-06-21 v1.11 Rerun checks for auxiliary files (HO)

(/usr/local/texlive/2026/texmf-dist/tex/generic/uniquecounter/uniquecounter.sty
Package: uniquecounter 2019/12/15 v1.4 Provide unlimited unique counter (HO)
)
Package uniquecounter Info: New unique counter `rerunfilecheck' on input line 2
84.
)
\Hy@SectionHShift=\skip73
)
LaTeX Font Info:    Trying to load font information for T1+lmr on input line 89
.
 (/usr/local/texlive/2026/texmf-dist/tex/latex/lm/t1lmr.fd
File: t1lmr.fd 2015/05/01 v1.6.1 Font defs for Latin Modern
)
(/usr/local/texlive/2026/texmf-dist/tex/latex/l3backend/l3backend-pdftex.def
File: l3backend-pdftex.def 2025-10-09 L3 backend support: PDF output (pdfTeX)
\l__color_backend_stack_int=\count318
)
(./main.aux)
\openout1 = `main.aux'.

LaTeX Font Info:    Checking defaults for OML/cmm/m/it on input line 89.
LaTeX Font Info:    ... okay on input line 89.
LaTeX Font Info:    Checking defaults for OMS/cmsy/m/n on input line 89.
LaTeX Font Info:    ... okay on input line 89.
LaTeX Font Info:    Checking defaults for OT1/cmr/m/n on input line 89.
LaTeX Font Info:    ... okay on input line 89.
LaTeX Font Info:    Checking defaults for T1/cmr/m/n on input line 89.
LaTeX Font Info:    ... okay on input line 89.
LaTeX Font Info:    Checking defaults for TS1/cmr/m/n on input line 89.
LaTeX Font Info:    ... okay on input line 89.
LaTeX Font Info:    Checking defaults for OMX/cmex/m/n on input line 89.
LaTeX Font Info:    ... okay on input line 89.
LaTeX Font Info:    Checking defaults for U/cmr/m/n on input line 89.
LaTeX Font Info:    ... okay on input line 89.
LaTeX Font Info:    Checking defaults for PD1/pdf/m/n on input line 89.
LaTeX Font Info:    ... okay on input line 89.
LaTeX Font Info:    Checking defaults for PU/pdf/m/n on input line 89.
LaTeX Font Info:    ... okay on input line 89.

*geometry* driver: auto-detecting
*geometry* detected driver: pdftex
*geometry* verbose mode - [ preamble ] result:
* driver: pdftex
* paper: a4paper
* layout: <same size as paper>
* layoutoffset:(h,v)=(0.0pt,0.0pt)
* modes: 
* h-part:(L,W,R)=(71.13188pt, 455.24411pt, 71.13188pt)
* v-part:(T,H,B)=(71.13188pt, 702.78308pt, 71.13188pt)
* \paperwidth=597.50787pt
* \paperheight=845.04684pt
* \textwidth=455.24411pt
* \textheight=702.78308pt
* \oddsidemargin=-1.1381pt
* \evensidemargin=-1.1381pt
* \topmargin=-40.1381pt
* \headheight=14.0pt
* \headsep=25.0pt
* \topskip=12.0pt
* \footskip=30.0pt
* \marginparwidth=35.0pt
* \marginparsep=10.0pt
* \columnsep=10.0pt
* \skip\footins=10.8pt plus 4.0pt minus 2.0pt
* \hoffset=0.0pt
* \voffset=0.0pt
* \mag=1000
* \@twocolumnfalse
* \@twosidefalse
* \@mparswitchfalse
* \@reversemarginfalse
* (1in=72.27pt=25.4mm, 1cm=28.453pt)

(/usr/local/texlive/2026/texmf-dist/tex/context/base/mkii/supp-pdf.mkii
[Loading MPS to PDF converter (version 2006.09.02).]
\scratchcounter=\count319
\scratchdimen=\dimen194
\scratchbox=\box65
\nofMPsegments=\count320
\nofMParguments=\count321
\everyMPshowfont=\toks30
\MPscratchCnt=\count322
\MPscratchDim=\dimen195
\MPnumerator=\count323
\makeMPintoPDFobject=\count324
\everyMPtoPDFconversion=\toks31
) (/usr/local/texlive/2026/texmf-dist/tex/latex/epstopdf-pkg/epstopdf-base.sty
Package: epstopdf-base 2020-01-24 v2.11 Base part for package epstopdf
Package epstopdf-base Info: Redefining graphics rule for `.eps' on input line 4
85.

(/usr/local/texlive/2026/texmf-dist/tex/latex/latexconfig/epstopdf-sys.cfg
File: epstopdf-sys.cfg 2010/07/13 v1.3 Configuration of (r)epstopdf for TeX Liv
e
))
Package caption Info: Begin \AtBeginDocument code.
Package caption Info: hyperref package is loaded.
Package caption Info: longtable package is loaded.

(/usr/local/texlive/2026/texmf-dist/tex/latex/caption/ltcaption.sty
Package: ltcaption 2021/01/08 v1.4c longtable captions (AR)
)
Package caption Info: End \AtBeginDocument code.
LaTeX Info: Redefining \microtypecontext on input line 89.
Package microtype Info: Applying patch `item' on input line 89.
Package microtype Info: Applying patch `toc' on input line 89.
Package microtype Info: Applying patch `eqnum' on input line 89.
Package microtype Info: Applying patch `footnote' on input line 89.
Package microtype Info: Applying patch `verbatim' on input line 89.
LaTeX Info: Redefining \microtypesetup on input line 89.
Package microtype Info: Generating PDF output.
Package microtype Info: Character protrusion enabled (level 2).
Package microtype Info: Using default protrusion set `alltext'.
Package microtype Info: Automatic font expansion enabled (level 2),
(microtype)             stretch: 20, shrink: 20, step: 1, non-selected.
Package microtype Info: Using default expansion set `alltext-nott'.
Package microtype Info: Patching command `\showhyphens'.
Package microtype Info: No adjustment of tracking.
Package microtype Info: No adjustment of interword spacing.
Package microtype Info: No adjustment of character kerning.

(/usr/local/texlive/2026/texmf-dist/tex/latex/microtype/mt-cmr.cfg
File: mt-cmr.cfg 2013/05/19 v2.2 microtype config. file: Computer Modern Roman 
(RS)
)
Package hyperref Info: Link coloring ON on input line 89.
 (./main.out) (./main.out)
\@outlinefile=\write3
\openout3 = `main.out'.

LaTeX Font Info:    Trying to load font information for OT1+lmr on input line 1
07.
 (/usr/local/texlive/2026/texmf-dist/tex/latex/lm/ot1lmr.fd
File: ot1lmr.fd 2015/05/01 v1.6.1 Font defs for Latin Modern
)
LaTeX Font Info:    Trying to load font information for OML+lmm on input line 1
07.

(/usr/local/texlive/2026/texmf-dist/tex/latex/lm/omllmm.fd
File: omllmm.fd 2015/05/01 v1.6.1 Font defs for Latin Modern
)
LaTeX Font Info:    Trying to load font information for OMS+lmsy on input line 
107.

(/usr/local/texlive/2026/texmf-dist/tex/latex/lm/omslmsy.fd
File: omslmsy.fd 2015/05/01 v1.6.1 Font defs for Latin Modern
)
LaTeX Font Info:    Trying to load font information for OMX+lmex on input line 
107.

(/usr/local/texlive/2026/texmf-dist/tex/latex/lm/omxlmex.fd
File: omxlmex.fd 2015/05/01 v1.6.1 Font defs for Latin Modern
)
LaTeX Font Info:    External font `lmex10' loaded for size
(Font)              <14.4> on input line 107.
LaTeX Font Info:    External font `lmex10' loaded for size
(Font)              <10> on input line 107.
LaTeX Font Info:    External font `lmex10' loaded for size
(Font)              <7> on input line 107.
LaTeX Font Info:    External font `lmex10' loaded for size
(Font)              <12> on input line 126.
LaTeX Font Info:    External font `lmex10' loaded for size
(Font)              <8> on input line 126.
LaTeX Font Info:    External font `lmex10' loaded for size
(Font)              <6> on input line 126.

Overfull \hbox (6.0pt too wide) in paragraph at lines 122--126
 [][][][][][] 
 []

[1

{/usr/local/texlive/2026/texmf-var/fonts/map/pdftex/updmap/pdftex.map}{/usr/loc
al/texlive/2026/texmf-dist/fonts/enc/dvips/lm/lm-ec.enc}] (./main.toc
pdfTeX warning (ext4): destination with the same identifier (name{page.1}) has 
been already used, duplicate ignored
<to be read again> 
                   \relax 
l.37 ...dictable Navigation}{21}{subsection.4.7.2}
                                                  % [1

])
\tf@toc=\write4
\openout4 = `main.toc'.

 [2]
Chapter 1.

Overfull \hbox (6.0pt too wide) in paragraph at lines 147--152
[][][][][][] 
 []

LaTeX Font Info:    Trying to load font information for TS1+lmr on input line 1
57.
(/usr/local/texlive/2026/texmf-dist/tex/latex/lm/ts1lmr.fd
File: ts1lmr.fd 2015/05/01 v1.6.1 Font defs for Latin Modern
) [3


{/usr/local/texlive/2026/texmf-dist/fonts/enc/dvips/lm/lm-ts1.enc}] [4]
Chapter 2.
<../page-flows.png, id=358, 1573.88pt x 1220.56pt>
File: ../page-flows.png Graphic file (type png)
<use ../page-flows.png>
Package pdftex.def Info: ../page-flows.png  used on input line 218.
(pdftex.def)             Requested size: 455.24411pt x 353.04074pt.
[5

] [6{/usr/local/texlive/2026/texmf-dist/fonts/enc/dvips/lm/lm-mathsy.enc} <../p
age-flows.png>]
Chapter 3.
<../wireframes/devices/wireframe-devices-home-empty.jpeg, id=371, 1541.76pt x 2
055.68pt>
File: ../wireframes/devices/wireframe-devices-home-empty.jpeg Graphic file (typ
e jpg)
<use ../wireframes/devices/wireframe-devices-home-empty.jpeg>
Package pdftex.def Info: ../wireframes/devices/wireframe-devices-home-empty.jpe
g  used on input line 265.
(pdftex.def)             Requested size: 191.20169pt x 254.9205pt.
[7

]
<../wireframes/devices/wireframe-devices-list-populated.jpeg, id=376, 1541.76pt
 x 2055.68pt>
File: ../wireframes/devices/wireframe-devices-list-populated.jpeg Graphic file 
(type jpg)
<use ../wireframes/devices/wireframe-devices-list-populated.jpeg>
Package pdftex.def Info: ../wireframes/devices/wireframe-devices-list-populated
.jpeg  used on input line 276.
(pdftex.def)             Requested size: 191.20169pt x 254.9205pt.
<../wireframes/devices/wireframe-device-control-equalizer.jpeg, id=377, 1541.76
pt x 2055.68pt>
File: ../wireframes/devices/wireframe-device-control-equalizer.jpeg Graphic fil
e (type jpg)
<use ../wireframes/devices/wireframe-device-control-equalizer.jpeg>
Package pdftex.def Info: ../wireframes/devices/wireframe-device-control-equaliz
er.jpeg  used on input line 287.
(pdftex.def)             Requested size: 191.20169pt x 254.9205pt.
 [8 <../wireframes/devices/wireframe-devices-home-empty.jpeg> <../wireframes/de
vices/wireframe-devices-list-populated.jpeg>]
<../wireframes/profile/wireframe-login.jpeg, id=384, 1541.76pt x 2055.68pt>
File: ../wireframes/profile/wireframe-login.jpeg Graphic file (type jpg)
<use ../wireframes/profile/wireframe-login.jpeg>
Package pdftex.def Info: ../wireframes/profile/wireframe-login.jpeg  used on in
put line 306.
(pdftex.def)             Requested size: 191.20169pt x 254.9205pt.
 [9 <../wireframes/devices/wireframe-device-control-equalizer.jpeg>]
<../wireframes/profile/wireframe-register.jpeg, id=390, 1541.76pt x 2055.68pt>
File: ../wireframes/profile/wireframe-register.jpeg Graphic file (type jpg)
<use ../wireframes/profile/wireframe-register.jpeg>
Package pdftex.def Info: ../wireframes/profile/wireframe-register.jpeg  used on
 input line 317.
(pdftex.def)             Requested size: 191.20169pt x 254.9205pt.
<../wireframes/profile/wireframe-forgot-password-and-login.jpeg, id=391, 2055.6
8pt x 1541.76pt>
File: ../wireframes/profile/wireframe-forgot-password-and-login.jpeg Graphic fi
le (type jpg)
<use ../wireframes/profile/wireframe-forgot-password-and-login.jpeg>
Package pdftex.def Info: ../wireframes/profile/wireframe-forgot-password-and-lo
gin.jpeg  used on input line 327.
(pdftex.def)             Requested size: 2055.675pt x 1541.75624pt.
 [10 <../wireframes/profile/wireframe-login.jpeg> <../wireframes/profile/wirefr
ame-register.jpeg>]
<../wireframes/profile/wireframe-profile-overview.jpeg, id=398, 1541.76pt x 205
5.68pt>
File: ../wireframes/profile/wireframe-profile-overview.jpeg Graphic file (type 
jpg)
<use ../wireframes/profile/wireframe-profile-overview.jpeg>
Package pdftex.def Info: ../wireframes/profile/wireframe-profile-overview.jpeg 
 used on input line 338.
(pdftex.def)             Requested size: 250.38564pt x 333.84016pt.
 [11 <../wireframes/profile/wireframe-forgot-password-and-login.jpeg>]
<../wireframes/settings/wireframe-settings-general.jpeg, id=404, 1541.76pt x 20
55.68pt>
File: ../wireframes/settings/wireframe-settings-general.jpeg Graphic file (type
 jpg)
<use ../wireframes/settings/wireframe-settings-general.jpeg>
Package pdftex.def Info: ../wireframes/settings/wireframe-settings-general.jpeg
  used on input line 352.
(pdftex.def)             Requested size: 191.20169pt x 254.9205pt.
 [12 <../wireframes/profile/wireframe-profile-overview.jpeg>]
<../wireframes/settings/wireframe-settings-device-detail.jpeg, id=411, 1541.76p
t x 2055.68pt>
File: ../wireframes/settings/wireframe-settings-device-detail.jpeg Graphic file
 (type jpg)
<use ../wireframes/settings/wireframe-settings-device-detail.jpeg>
Package pdftex.def Info: ../wireframes/settings/wireframe-settings-device-detai
l.jpeg  used on input line 362.
(pdftex.def)             Requested size: 191.20169pt x 254.9205pt.
<../wireframes/settings/wireframe-settings-automatic-power-off.jpeg, id=412, 15
41.76pt x 2055.68pt>
File: ../wireframes/settings/wireframe-settings-automatic-power-off.jpeg Graphi
c file (type jpg)
<use ../wireframes/settings/wireframe-settings-automatic-power-off.jpeg>
Package pdftex.def Info: ../wireframes/settings/wireframe-settings-automatic-po
wer-off.jpeg  used on input line 372.
(pdftex.def)             Requested size: 191.20169pt x 254.9205pt.
 [13 <../wireframes/settings/wireframe-settings-general.jpeg> <../wireframes/se
ttings/wireframe-settings-device-detail.jpeg>]
<../wireframes/flowsheets/flowsheet-add-device-and-settings.jpeg, id=419, 1541.
76pt x 2055.68pt>
File: ../wireframes/flowsheets/flowsheet-add-device-and-settings.jpeg Graphic f
ile (type jpg)
<use ../wireframes/flowsheets/flowsheet-add-device-and-settings.jpeg>
Package pdftex.def Info: ../wireframes/flowsheets/flowsheet-add-device-and-sett
ings.jpeg  used on input line 389.
(pdftex.def)             Requested size: 1541.75624pt x 2055.675pt.
LaTeX Font Info:    External font `lmex10' loaded for size
(Font)              <10.95> on input line 392.

[14 <../wireframes/settings/wireframe-settings-automatic-power-off.jpeg>]
<../wireframes/flowsheets/flowsheet-auth-and-profile.jpeg, id=425, 1541.76pt x 
2055.68pt>
File: ../wireframes/flowsheets/flowsheet-auth-and-profile.jpeg Graphic file (ty
pe jpg)
<use ../wireframes/flowsheets/flowsheet-auth-and-profile.jpeg>
Package pdftex.def Info: ../wireframes/flowsheets/flowsheet-auth-and-profile.jp
eg  used on input line 400.
(pdftex.def)             Requested size: 1541.75624pt x 2055.675pt.

[15 <../wireframes/flowsheets/flowsheet-add-device-and-settings.jpeg>]
<../wireframes/flowsheets/flowsheet-bluetooth-pairing.jpeg, id=431, 1541.76pt x
 2055.68pt>
File: ../wireframes/flowsheets/flowsheet-bluetooth-pairing.jpeg Graphic file (t
ype jpg)
<use ../wireframes/flowsheets/flowsheet-bluetooth-pairing.jpeg>
Package pdftex.def Info: ../wireframes/flowsheets/flowsheet-bluetooth-pairing.j
peg  used on input line 411.
(pdftex.def)             Requested size: 373.3035pt x 497.7333pt.
 [16 <../wireframes/flowsheets/flowsheet-auth-and-profile.jpeg>]
<../wireframes/flowsheets/flowsheet-device-settings-and-power-off.jpeg, id=437,
 1541.76pt x 2055.68pt>
File: ../wireframes/flowsheets/flowsheet-device-settings-and-power-off.jpeg Gra
phic file (type jpg)
<use ../wireframes/flowsheets/flowsheet-device-settings-and-power-off.jpeg>
Package pdftex.def Info: ../wireframes/flowsheets/flowsheet-device-settings-and
-power-off.jpeg  used on input line 421.
(pdftex.def)             Requested size: 1541.75624pt x 2055.675pt.
 [17 <../wireframes/flowsheets/flowsheet-bluetooth-pairing.jpeg>] [18 <../wiref
rames/flowsheets/flowsheet-device-settings-and-power-off.jpeg>]
Chapter 4.

Overfull \hbox (6.0pt too wide) in paragraph at lines 441--445
[][][][][][] 
 []


Overfull \hbox (6.0pt too wide) in paragraph at lines 453--456
[][][][][][] 
 []


Overfull \hbox (6.0pt too wide) in paragraph at lines 463--467
[][][][][][] 
 []

[19

]
Overfull \hbox (6.0pt too wide) in paragraph at lines 475--479
[][][][][][] 
 []


Overfull \hbox (6.0pt too wide) in paragraph at lines 486--489
[][][][][][] 
 []


Overfull \hbox (6.0pt too wide) in paragraph at lines 496--499
[][][][][][] 
 []


Overfull \hbox (6.0pt too wide) in paragraph at lines 509--513
[][][][][][] 
 []

[20]
Overfull \hbox (6.0pt too wide) in paragraph at lines 521--525
[][][][][][] 
 []


Overfull \hbox (6.0pt too wide) in paragraph at lines 532--536
[][][][][][] 
 []


Overfull \hbox (6.0pt too wide) in paragraph at lines 544--548
[][][][][][] 
 []

[21]
Chapter 5.
<../wireframes/hand-drawn/wireframe-sound-equalizer-presets-sliders.jpeg, id=46
2, 1606.0pt x 1115.16624pt>
File: ../wireframes/hand-drawn/wireframe-sound-equalizer-presets-sliders.jpeg G
raphic file (type jpg)
<use ../wireframes/hand-drawn/wireframe-sound-equalizer-presets-sliders.jpeg>
Package pdftex.def Info: ../wireframes/hand-drawn/wireframe-sound-equalizer-pre
sets-sliders.jpeg  used on input line 570.
(pdftex.def)             Requested size: 364.19667pt x 252.89246pt.
[22

]
<../wireframes/hand-drawn/wireframe-volume-overlay-vertical.jpeg, id=467, 1606.
0pt x 1116.17pt>
File: ../wireframes/hand-drawn/wireframe-volume-overlay-vertical.jpeg Graphic f
ile (type jpg)
<use ../wireframes/hand-drawn/wireframe-volume-overlay-vertical.jpeg>
Package pdftex.def Info: ../wireframes/hand-drawn/wireframe-volume-overlay-vert
ical.jpeg  used on input line 582.
(pdftex.def)             Requested size: 364.19667pt x 253.12009pt.
 [23 <../wireframes/hand-drawn/wireframe-sound-equalizer-presets-sliders.jpeg>]
<../wireframes/flowsheets/flowsheet-nine-screen-home-volume-settings-profile.jp
eg, id=473, 1606.0pt x 1116.17pt>
File: ../wireframes/flowsheets/flowsheet-nine-screen-home-volume-settings-profi
le.jpeg Graphic file (type jpg)
<use ../wireframes/flowsheets/flowsheet-nine-screen-home-volume-settings-profil
e.jpeg>
Package pdftex.def Info: ../wireframes/flowsheets/flowsheet-nine-screen-home-vo
lume-settings-profile.jpeg  used on input line 597.
(pdftex.def)             Requested size: 1605.99611pt x 1116.16728pt.
 [24 <../wireframes/hand-drawn/wireframe-volume-overlay-vertical.jpeg>]
[25 <../wireframes/flowsheets/flowsheet-nine-screen-home-volume-settings-profil
e.jpeg>]
<../wireframes/flowsheets/flowsheet-statistics-history-mydevices-bud-controls.j
peg, id=485, 1606.0pt x 1116.17pt>
File: ../wireframes/flowsheets/flowsheet-statistics-history-mydevices-bud-contr
ols.jpeg Graphic file (type jpg)
<use ../wireframes/flowsheets/flowsheet-statistics-history-mydevices-bud-contro
ls.jpeg>
Package pdftex.def Info: ../wireframes/flowsheets/flowsheet-statistics-history-
mydevices-bud-controls.jpeg  used on input line 631.
(pdftex.def)             Requested size: 1605.99611pt x 1116.16728pt.
 [26] [27 <../wireframes/flowsheets/flowsheet-statistics-history-mydevices-bud-
controls.jpeg>]
<../wireframes/Wireframes-Complete-Version2.pdf, id=495, page=1, 1194.71344pt x
 845.40843pt>
File: ../wireframes/Wireframes-Complete-Version2.pdf Graphic file (type pdf)
<use ../wireframes/Wireframes-Complete-Version2.pdf, page 1>
Package pdftex.def Info: ../wireframes/Wireframes-Complete-Version2.pdf , page1
 used on input line 664.
(pdftex.def)             Requested size: 409.71692pt x 289.92473pt.
<../wireframes/Wireframes-Complete-Version2.pdf, id=496, page=2, 1194.71344pt x
 845.40843pt>
File: ../wireframes/Wireframes-Complete-Version2.pdf Graphic file (type pdf)
<use ../wireframes/Wireframes-Complete-Version2.pdf, page 2>
Package pdftex.def Info: ../wireframes/Wireframes-Complete-Version2.pdf , page2
 used on input line 674.
(pdftex.def)             Requested size: 409.71692pt x 289.92473pt.
 [28 <../wireframes/Wireframes-Complete-Version2.pdf>]
<../wireframes/Wireframes-Complete-Version2.pdf, id=662, page=3, 1194.71344pt x
 845.40843pt>
File: ../wireframes/Wireframes-Complete-Version2.pdf Graphic file (type pdf)
<use ../wireframes/Wireframes-Complete-Version2.pdf, page 3>
Package pdftex.def Info: ../wireframes/Wireframes-Complete-Version2.pdf , page3
 used on input line 684.
(pdftex.def)             Requested size: 409.71692pt x 289.92473pt.

[29 <../wireframes/Wireframes-Complete-Version2.pdf>]
<../wireframes/Wireframes-Complete-Version2.pdf, id=751, page=4, 1194.71344pt x
 845.40843pt>
File: ../wireframes/Wireframes-Complete-Version2.pdf Graphic file (type pdf)
<use ../wireframes/Wireframes-Complete-Version2.pdf, page 4>
Package pdftex.def Info: ../wireframes/Wireframes-Complete-Version2.pdf , page4
 used on input line 694.
(pdftex.def)             Requested size: 409.71692pt x 289.92473pt.
 [30 <../wireframes/Wireframes-Complete-Version2.pdf>]
<../wireframes/Wireframes-Complete-Version2.pdf, id=887, page=5, 1194.71344pt x
 845.40843pt>
File: ../wireframes/Wireframes-Complete-Version2.pdf Graphic file (type pdf)
<use ../wireframes/Wireframes-Complete-Version2.pdf, page 5>
Package pdftex.def Info: ../wireframes/Wireframes-Complete-Version2.pdf , page5
 used on input line 704.
(pdftex.def)             Requested size: 409.71692pt x 289.92473pt.
 [31 <../wireframes/Wireframes-Complete-Version2.pdf>]
<../wireframes/Wireframes-Complete-Version2.pdf, id=1026, page=6, 1194.71344pt 
x 845.40843pt>
File: ../wireframes/Wireframes-Complete-Version2.pdf Graphic file (type pdf)
<use ../wireframes/Wireframes-Complete-Version2.pdf, page 6>
Package pdftex.def Info: ../wireframes/Wireframes-Complete-Version2.pdf , page6
 used on input line 714.
(pdftex.def)             Requested size: 409.71692pt x 289.92473pt.
 [32 <../wireframes/Wireframes-Complete-Version2.pdf>]
<../wireframes/Wireframes-Complete-Version2.pdf, id=1117, page=7, 1194.71344pt 
x 845.40843pt>
File: ../wireframes/Wireframes-Complete-Version2.pdf Graphic file (type pdf)
<use ../wireframes/Wireframes-Complete-Version2.pdf, page 7>
Package pdftex.def Info: ../wireframes/Wireframes-Complete-Version2.pdf , page7
 used on input line 724.
(pdftex.def)             Requested size: 409.71692pt x 289.92473pt.
 [33 <../wireframes/Wireframes-Complete-Version2.pdf>] [34 <../wireframes/Wiref
rames-Complete-Version2.pdf>]
Chapter 6.
[35

] [36]
Chapter 7.
[37

] (./main.aux)
 ***********
LaTeX2e <2025-11-01>
L3 programming layer <2026-01-19>
 ***********
Package rerunfilecheck Info: File `main.out' has not changed.
(rerunfilecheck)             Checksum: BFC08BCC49772AF78C221461B8DBBD57;13346.
 ) 
Here is how much of TeX's memory you used:
 14868 strings out of 467525
 250419 string characters out of 5418982
 702840 words of memory out of 5000000
 43282 multiletter control sequences out of 15000+600000
 696197 words of font info for 172 fonts, out of 8000000 for 9000
 1141 hyphenation exceptions out of 8191
 69i,12n,79p,1001b,596s stack positions out of 10000i,1000n,20000p,200000b,200000s
</usr/local/texlive/2026/texmf-dist/fonts/type1/public/lm/lmbx10.pfb></usr/lo
cal/texlive/2026/texmf-dist/fonts/type1/public/lm/lmbx12.pfb></usr/local/texliv
e/2026/texmf-dist/fonts/type1/public/lm/lmr10.pfb></usr/local/texlive/2026/texm
f-dist/fonts/type1/public/lm/lmr12.pfb></usr/local/texlive/2026/texmf-dist/font
s/type1/public/lm/lmr17.pfb></usr/local/texlive/2026/texmf-dist/fonts/type1/pub
lic/lm/lmsy10.pfb>
Output written on main.pdf (38 pages, 8267200 bytes).
PDF statistics:
 1444 PDF objects out of 1728 (max. 8388607)
 1098 compressed objects within 11 object streams
 133 named destinations out of 1000 (max. 500000)
 39563 words of extra memory for PDF output out of 42996 (max. 10000000)

